<?xml version="1.0" encoding="UTF-8"?>
<coverage generated="1572258140472" clover="3.2.0">
  <project timestamp="1572258140473" name="All files">
    <metrics statements="233" coveredstatements="222" conditionals="123" coveredconditionals="108" methods="50" coveredmethods="50" elements="406" coveredelements="380" complexity="0" loc="233" ncloc="233" packages="1" files="2" classes="2"/>
    <file name="nemetric.ts" path="/Users/joneswarren/nemetric/src/nemetric.ts">
      <metrics statements="193" coveredstatements="182" conditionals="105" coveredconditionals="90" methods="39" coveredmethods="39"/>
      <line num="10" count="1" type="stmt"/>
      <line num="11" count="1" type="stmt"/>
      <line num="12" count="1" type="stmt"/>
      <line num="135" count="1" type="stmt"/>
      <line num="136" count="89" type="stmt"/>
      <line num="154" count="89" type="stmt"/>
      <line num="155" count="89" type="stmt"/>
      <line num="156" count="89" type="stmt"/>
      <line num="157" count="89" type="stmt"/>
      <line num="164" count="89" type="stmt"/>
      <line num="165" count="89" type="stmt"/>
      <line num="167" count="89" type="stmt"/>
      <line num="168" count="89" type="stmt"/>
      <line num="170" count="89" type="stmt"/>
      <line num="172" count="92" type="cond" truecount="2" falsecount="0"/>
      <line num="174" count="89" type="stmt"/>
      <line num="175" count="89" type="stmt"/>
      <line num="178" count="89" type="cond" truecount="2" falsecount="0"/>
      <line num="179" count="2" type="stmt"/>
      <line num="182" count="87" type="stmt"/>
      <line num="185" count="87" type="cond" truecount="1" falsecount="1"/>
      <line num="186" count="87" type="stmt"/>
      <line num="190" count="87" type="stmt"/>
      <line num="197" count="87" type="cond" truecount="2" falsecount="3"/>
      <line num="198" count="87" type="stmt"/>
      <line num="203" count="87" type="stmt"/>
      <line num="205" count="87" type="cond" truecount="2" falsecount="0"/>
      <line num="206" count="1" type="stmt"/>
      <line num="210" count="1" type="stmt"/>
      <line num="211" count="6" type="cond" truecount="2" falsecount="0"/>
      <line num="212" count="4" type="stmt"/>
      <line num="214" count="2" type="stmt"/>
      <line num="220" count="1" type="stmt"/>
      <line num="221" count="7" type="cond" truecount="3" falsecount="1"/>
      <line num="222" count="0" type="stmt"/>
      <line num="224" count="7" type="cond" truecount="1" falsecount="1"/>
      <line num="225" count="0" type="stmt"/>
      <line num="226" count="0" type="stmt"/>
      <line num="228" count="7" type="stmt"/>
      <line num="233" count="7" type="stmt"/>
      <line num="235" count="7" type="stmt"/>
      <line num="241" count="8" type="stmt"/>
      <line num="242" count="8" type="cond" truecount="3" falsecount="1"/>
      <line num="243" count="0" type="stmt"/>
      <line num="245" count="8" type="stmt"/>
      <line num="246" count="8" type="cond" truecount="2" falsecount="0"/>
      <line num="247" count="2" type="stmt"/>
      <line num="248" count="2" type="stmt"/>
      <line num="251" count="6" type="stmt"/>
      <line num="252" count="6" type="stmt"/>
      <line num="254" count="6" type="stmt"/>
      <line num="255" count="6" type="stmt"/>
      <line num="256" count="6" type="stmt"/>
      <line num="257" count="6" type="stmt"/>
      <line num="259" count="5" type="stmt"/>
      <line num="260" count="5" type="stmt"/>
      <line num="262" count="6" type="stmt"/>
      <line num="268" count="1" type="stmt"/>
      <line num="269" count="1" type="stmt"/>
      <line num="270" count="1" type="stmt"/>
      <line num="271" count="1" type="stmt"/>
      <line num="272" count="1" type="stmt"/>
      <line num="280" count="1" type="stmt"/>
      <line num="281" count="32" type="stmt"/>
      <line num="283" count="32" type="cond" truecount="4" falsecount="0"/>
      <line num="284" count="3" type="stmt"/>
      <line num="286" count="29" type="cond" truecount="2" falsecount="0"/>
      <line num="287" count="2" type="stmt"/>
      <line num="288" count="2" type="stmt"/>
      <line num="290" count="27" type="stmt"/>
      <line num="291" count="27" type="stmt"/>
      <line num="292" count="27" type="cond" truecount="2" falsecount="0"/>
      <line num="293" count="23" type="stmt"/>
      <line num="294" count="23" type="stmt"/>
      <line num="295" count="23" type="stmt"/>
      <line num="296" count="4" type="cond" truecount="1" falsecount="1"/>
      <line num="297" count="4" type="stmt"/>
      <line num="304" count="174" type="cond" truecount="2" falsecount="0"/>
      <line num="305" count="151" type="cond" truecount="2" falsecount="0"/>
      <line num="306" count="136" type="stmt"/>
      <line num="308" count="15" type="stmt"/>
      <line num="314" count="1" type="stmt"/>
      <line num="315" count="29" type="stmt"/>
      <line num="317" count="29" type="cond" truecount="1" falsecount="1"/>
      <line num="318" count="0" type="stmt"/>
      <line num="321" count="29" type="stmt"/>
      <line num="323" count="29" type="cond" truecount="2" falsecount="0"/>
      <line num="325" count="18" type="cond" truecount="2" falsecount="0"/>
      <line num="329" count="92" type="stmt"/>
      <line num="331" count="92" type="cond" truecount="4" falsecount="0"/>
      <line num="332" count="7" type="stmt"/>
      <line num="333" count="7" type="stmt"/>
      <line num="334" count="7" type="stmt"/>
      <line num="336" count="7" type="stmt"/>
      <line num="337" count="7" type="stmt"/>
      <line num="338" count="7" type="stmt"/>
      <line num="339" count="7" type="stmt"/>
      <line num="346" count="92" type="stmt"/>
      <line num="347" count="92" type="stmt"/>
      <line num="348" count="92" type="stmt"/>
      <line num="352" count="92" type="cond" truecount="2" falsecount="0"/>
      <line num="353" count="6" type="stmt"/>
      <line num="354" count="6" type="stmt"/>
      <line num="355" count="6" type="stmt"/>
      <line num="360" count="1" type="stmt"/>
      <line num="361" count="16" type="cond" truecount="1" falsecount="1"/>
      <line num="362" count="16" type="stmt"/>
      <line num="364" count="0" type="stmt"/>
      <line num="365" count="0" type="stmt"/>
      <line num="368" count="89" type="stmt"/>
      <line num="369" count="3" type="cond" truecount="2" falsecount="0"/>
      <line num="370" count="1" type="stmt"/>
      <line num="377" count="115" type="stmt"/>
      <line num="384" count="115" type="stmt"/>
      <line num="385" count="115" type="stmt"/>
      <line num="386" count="319" type="stmt"/>
      <line num="387" count="319" type="cond" truecount="2" falsecount="0"/>
      <line num="392" count="21" type="stmt"/>
      <line num="399" count="312" type="cond" truecount="2" falsecount="0"/>
      <line num="403" count="2" type="stmt"/>
      <line num="406" count="108" type="cond" truecount="1" falsecount="1"/>
      <line num="410" count="0" type="stmt"/>
      <line num="414" count="11" type="stmt"/>
      <line num="417" count="11" type="stmt"/>
      <line num="418" count="11" type="stmt"/>
      <line num="419" count="27" type="cond" truecount="2" falsecount="0"/>
      <line num="420" count="3" type="stmt"/>
      <line num="423" count="3" type="stmt"/>
      <line num="428" count="1" type="stmt"/>
      <line num="429" count="9" type="stmt"/>
      <line num="436" count="9" type="stmt"/>
      <line num="449" count="1" type="stmt"/>
      <line num="450" count="9" type="stmt"/>
      <line num="451" count="9" type="stmt"/>
      <line num="452" count="9" type="stmt"/>
      <line num="457" count="1" type="stmt"/>
      <line num="461" count="1" type="stmt"/>
      <line num="462" count="95" type="stmt"/>
      <line num="468" count="88" type="stmt"/>
      <line num="471" count="1" type="stmt"/>
      <line num="472" count="94" type="stmt"/>
      <line num="473" count="94" type="stmt"/>
      <line num="478" count="8" type="stmt"/>
      <line num="482" count="1" type="stmt"/>
      <line num="483" count="8" type="stmt"/>
      <line num="488" count="1" type="stmt"/>
      <line num="489" count="92" type="stmt"/>
      <line num="490" count="92" type="cond" truecount="3" falsecount="1"/>
      <line num="491" count="92" type="stmt"/>
      <line num="493" count="0" type="stmt"/>
      <line num="499" count="0" type="stmt"/>
      <line num="502" count="9" type="stmt"/>
      <line num="503" count="9" type="stmt"/>
      <line num="504" count="9" type="stmt"/>
      <line num="509" count="1" type="stmt"/>
      <line num="511" count="9" type="stmt"/>
      <line num="512" count="3" type="stmt"/>
      <line num="521" count="1" type="stmt"/>
      <line num="522" count="89" type="cond" truecount="2" falsecount="0"/>
      <line num="524" count="87" type="stmt"/>
      <line num="532" count="1" type="stmt"/>
      <line num="533" count="87" type="cond" truecount="2" falsecount="0"/>
      <line num="535" count="86" type="stmt"/>
      <line num="544" count="1" type="stmt"/>
      <line num="548" count="52" type="cond" truecount="1" falsecount="1"/>
      <line num="550" count="26" type="stmt"/>
      <line num="552" count="19" type="cond" truecount="1" falsecount="1"/>
      <line num="556" count="0" type="stmt"/>
      <line num="557" count="19" type="cond" truecount="2" falsecount="0"/>
      <line num="561" count="1" type="stmt"/>
      <line num="565" count="18" type="cond" truecount="2" falsecount="0"/>
      <line num="566" count="7" type="stmt"/>
      <line num="568" count="18" type="cond" truecount="2" falsecount="0"/>
      <line num="569" count="10" type="stmt"/>
      <line num="571" count="18" type="cond" truecount="2" falsecount="0"/>
      <line num="572" count="1" type="stmt"/>
      <line num="574" count="18" type="stmt"/>
      <line num="577" count="18" type="stmt"/>
      <line num="580" count="18" type="stmt"/>
      <line num="587" count="1" type="stmt"/>
      <line num="588" count="17" type="cond" truecount="4" falsecount="0"/>
      <line num="589" count="14" type="stmt"/>
      <line num="591" count="3" type="stmt"/>
      <line num="594" count="1" type="stmt"/>
      <line num="595" count="3" type="stmt"/>
      <line num="597" count="3" type="stmt"/>
      <line num="599" count="3" type="stmt"/>
      <line num="602" count="1" type="stmt"/>
      <line num="603" count="325" type="cond" truecount="4" falsecount="0"/>
      <line num="604" count="46" type="stmt"/>
      <line num="605" count="45" type="stmt"/>
      <line num="608" count="279" type="stmt"/>
      <line num="611" count="1" type="stmt"/>
    </file>
    <file name="performance.ts" path="/Users/joneswarren/nemetric/src/performance.ts">
      <metrics statements="40" coveredstatements="40" conditionals="18" coveredconditionals="18" methods="11" coveredmethods="11"/>
      <line num="62" count="2" type="stmt"/>
      <line num="72" count="2" type="stmt"/>
      <line num="73" count="113" type="stmt"/>
      <line num="86" count="2" type="stmt"/>
      <line num="87" count="87" type="cond" truecount="2" falsecount="0"/>
      <line num="90" count="106" type="stmt"/>
      <line num="98" count="2" type="stmt"/>
      <line num="99" count="6" type="cond" truecount="2" falsecount="0"/>
      <line num="103" count="2" type="stmt"/>
      <line num="107" count="4" type="stmt"/>
      <line num="109" count="4" type="cond" truecount="2" falsecount="0"/>
      <line num="110" count="1" type="stmt"/>
      <line num="114" count="3" type="stmt"/>
      <line num="137" count="3" type="stmt"/>
      <line num="145" count="2" type="stmt"/>
      <line num="146" count="14" type="stmt"/>
      <line num="149" count="2" type="stmt"/>
      <line num="150" count="15" type="stmt"/>
      <line num="151" count="15" type="stmt"/>
      <line num="154" count="2" type="stmt"/>
      <line num="155" count="8" type="stmt"/>
      <line num="156" count="8" type="stmt"/>
      <line num="157" count="8" type="stmt"/>
      <line num="158" count="8" type="stmt"/>
      <line num="165" count="2" type="stmt"/>
      <line num="169" count="113" type="stmt"/>
      <line num="173" count="113" type="stmt"/>
      <line num="174" count="103" type="stmt"/>
      <line num="181" count="2" type="stmt"/>
      <line num="185" count="10" type="stmt"/>
      <line num="186" count="10" type="cond" truecount="4" falsecount="0"/>
      <line num="187" count="9" type="stmt"/>
      <line num="189" count="1" type="stmt"/>
      <line num="195" count="2" type="stmt"/>
      <line num="196" count="11" type="stmt"/>
      <line num="197" count="11" type="stmt"/>
      <line num="200" count="2" type="stmt"/>
      <line num="204" count="111" type="stmt"/>
      <line num="205" count="111" type="stmt"/>
      <line num="207" count="2" type="stmt"/>
    </file>
  </project>
</coverage>
