{"/Users/joneswarren/nemetric/src/nemetric.ts": {"path":"/Users/joneswarren/nemetric/src/nemetric.ts","statementMap":{"0":{"start":{"line":10,"column":0},"end":{"line":10,"column":55}},"1":{"start":{"line":11,"column":0},"end":{"line":11,"column":41}},"2":{"start":{"line":12,"column":0},"end":{"line":12,"column":null}},"3":{"start":{"line":135,"column":0},"end":{"line":135,"column":null}},"4":{"start":{"line":172,"column":2},"end":{"line":172,"column":14}},"5":{"start":{"line":172,"column":14},"end":{"line":172,"column":null}},"6":{"start":{"line":136,"column":2},"end":{"line":153,"column":4}},"7":{"start":{"line":154,"column":2},"end":{"line":154,"column":33}},"8":{"start":{"line":155,"column":2},"end":{"line":155,"column":43}},"9":{"start":{"line":156,"column":2},"end":{"line":156,"column":38}},"10":{"start":{"line":157,"column":2},"end":{"line":157,"column":30}},"11":{"start":{"line":164,"column":10},"end":{"line":164,"column":36}},"12":{"start":{"line":165,"column":10},"end":{"line":165,"column":57}},"13":{"start":{"line":167,"column":10},"end":{"line":167,"column":35}},"14":{"start":{"line":168,"column":10},"end":{"line":168,"column":37}},"15":{"start":{"line":170,"column":10},"end":{"line":170,"column":45}},"16":{"start":{"line":368,"column":10},"end":{"line":372,"column":4}},"17":{"start":{"line":369,"column":4},"end":{"line":371,"column":null}},"18":{"start":{"line":370,"column":6},"end":{"line":370,"column":38}},"19":{"start":{"line":174,"column":4},"end":{"line":174,"column":77}},"20":{"start":{"line":175,"column":4},"end":{"line":175,"column":34}},"21":{"start":{"line":178,"column":4},"end":{"line":180,"column":null}},"22":{"start":{"line":179,"column":6},"end":{"line":179,"column":13}},"23":{"start":{"line":182,"column":4},"end":{"line":182,"column":28}},"24":{"start":{"line":185,"column":4},"end":{"line":187,"column":null}},"25":{"start":{"line":186,"column":6},"end":{"line":186,"column":37}},"26":{"start":{"line":190,"column":4},"end":{"line":190,"column":30}},"27":{"start":{"line":197,"column":4},"end":{"line":199,"column":null}},"28":{"start":{"line":198,"column":6},"end":{"line":198,"column":28}},"29":{"start":{"line":203,"column":4},"end":{"line":203,"column":57}},"30":{"start":{"line":205,"column":4},"end":{"line":207,"column":null}},"31":{"start":{"line":206,"column":6},"end":{"line":206,"column":33}},"32":{"start":{"line":210,"column":2},"end":{"line":215,"column":null}},"33":{"start":{"line":211,"column":4},"end":{"line":213,"column":null}},"34":{"start":{"line":212,"column":6},"end":{"line":212,"column":16}},"35":{"start":{"line":214,"column":4},"end":{"line":214,"column":38}},"36":{"start":{"line":220,"column":2},"end":{"line":236,"column":null}},"37":{"start":{"line":221,"column":4},"end":{"line":223,"column":null}},"38":{"start":{"line":222,"column":6},"end":{"line":222,"column":13}},"39":{"start":{"line":224,"column":4},"end":{"line":227,"column":null}},"40":{"start":{"line":225,"column":6},"end":{"line":225,"column":49}},"41":{"start":{"line":226,"column":6},"end":{"line":226,"column":13}},"42":{"start":{"line":228,"column":4},"end":{"line":231,"column":6}},"43":{"start":{"line":233,"column":4},"end":{"line":233,"column":40}},"44":{"start":{"line":235,"column":4},"end":{"line":235,"column":26}},"45":{"start":{"line":241,"column":2},"end":{"line":263,"column":null}},"46":{"start":{"line":241,"column":2},"end":{"line":241,"column":5}},"47":{"start":{"line":242,"column":4},"end":{"line":244,"column":null}},"48":{"start":{"line":243,"column":6},"end":{"line":243,"column":13}},"49":{"start":{"line":245,"column":19},"end":{"line":245,"column":43}},"50":{"start":{"line":246,"column":4},"end":{"line":249,"column":null}},"51":{"start":{"line":247,"column":6},"end":{"line":247,"column":49}},"52":{"start":{"line":248,"column":6},"end":{"line":248,"column":13}},"53":{"start":{"line":251,"column":4},"end":{"line":251,"column":33}},"54":{"start":{"line":252,"column":4},"end":{"line":252,"column":38}},"55":{"start":{"line":254,"column":21},"end":{"line":254,"column":58}},"56":{"start":{"line":255,"column":29},"end":{"line":255,"column":60}},"57":{"start":{"line":256,"column":4},"end":{"line":256,"column":36}},"58":{"start":{"line":257,"column":4},"end":{"line":261,"column":7}},"59":{"start":{"line":259,"column":6},"end":{"line":259,"column":59}},"60":{"start":{"line":260,"column":6},"end":{"line":260,"column":66}},"61":{"start":{"line":262,"column":4},"end":{"line":262,"column":28}},"62":{"start":{"line":268,"column":2},"end":{"line":275,"column":null}},"63":{"start":{"line":268,"column":2},"end":{"line":268,"column":10}},"64":{"start":{"line":269,"column":4},"end":{"line":274,"column":7}},"65":{"start":{"line":270,"column":6},"end":{"line":273,"column":9}},"66":{"start":{"line":271,"column":25},"end":{"line":271,"column":45}},"67":{"start":{"line":272,"column":8},"end":{"line":272,"column":26}},"68":{"start":{"line":280,"column":2},"end":{"line":299,"column":null}},"69":{"start":{"line":281,"column":10},"end":{"line":281,"column":12}},"70":{"start":{"line":281,"column":12},"end":{"line":281,"column":22}},"71":{"start":{"line":281,"column":24},"end":{"line":281,"column":28}},"72":{"start":{"line":281,"column":30},"end":{"line":281,"column":38}},"73":{"start":{"line":281,"column":40},"end":{"line":281,"column":79}},"74":{"start":{"line":283,"column":4},"end":{"line":285,"column":null}},"75":{"start":{"line":284,"column":6},"end":{"line":284,"column":13}},"76":{"start":{"line":286,"column":4},"end":{"line":289,"column":null}},"77":{"start":{"line":287,"column":6},"end":{"line":287,"column":39}},"78":{"start":{"line":288,"column":6},"end":{"line":288,"column":13}},"79":{"start":{"line":290,"column":18},"end":{"line":290,"column":48}},"80":{"start":{"line":291,"column":15},"end":{"line":291,"column":59}},"81":{"start":{"line":292,"column":4},"end":{"line":298,"column":null}},"82":{"start":{"line":293,"column":25},"end":{"line":293,"column":44}},"83":{"start":{"line":294,"column":6},"end":{"line":294,"column":40}},"84":{"start":{"line":295,"column":6},"end":{"line":295,"column":38}},"85":{"start":{"line":296,"column":11},"end":{"line":298,"column":null}},"86":{"start":{"line":297,"column":6},"end":{"line":297,"column":44}},"87":{"start":{"line":304,"column":2},"end":{"line":309,"column":null}},"88":{"start":{"line":304,"column":31},"end":{"line":304,"column":null}},"89":{"start":{"line":305,"column":4},"end":{"line":307,"column":null}},"90":{"start":{"line":306,"column":6},"end":{"line":306,"column":13}},"91":{"start":{"line":308,"column":4},"end":{"line":308,"column":75}},"92":{"start":{"line":314,"column":2},"end":{"line":327,"column":null}},"93":{"start":{"line":315,"column":12},"end":{"line":315,"column":22}},"94":{"start":{"line":315,"column":24},"end":{"line":315,"column":28}},"95":{"start":{"line":315,"column":30},"end":{"line":315,"column":38}},"96":{"start":{"line":317,"column":4},"end":{"line":319,"column":null}},"97":{"start":{"line":318,"column":6},"end":{"line":318,"column":13}},"98":{"start":{"line":321,"column":20},"end":{"line":321,"column":32}},"99":{"start":{"line":323,"column":4},"end":{"line":326,"column":null}},"100":{"start":{"line":325,"column":6},"end":{"line":325,"column":118}},"101":{"start":{"line":329,"column":10},"end":{"line":358,"column":null}},"102":{"start":{"line":329,"column":2},"end":{"line":329,"column":10}},"103":{"start":{"line":331,"column":4},"end":{"line":341,"column":null}},"104":{"start":{"line":332,"column":6},"end":{"line":335,"column":9}},"105":{"start":{"line":333,"column":8},"end":{"line":333,"column":43}},"106":{"start":{"line":334,"column":8},"end":{"line":334,"column":47}},"107":{"start":{"line":336,"column":6},"end":{"line":340,"column":9}},"108":{"start":{"line":337,"column":8},"end":{"line":337,"column":53}},"109":{"start":{"line":338,"column":8},"end":{"line":338,"column":57}},"110":{"start":{"line":339,"column":8},"end":{"line":339,"column":30}},"111":{"start":{"line":346,"column":4},"end":{"line":349,"column":7}},"112":{"start":{"line":347,"column":6},"end":{"line":347,"column":50}},"113":{"start":{"line":348,"column":6},"end":{"line":348,"column":33}},"114":{"start":{"line":352,"column":4},"end":{"line":357,"column":null}},"115":{"start":{"line":353,"column":6},"end":{"line":356,"column":9}},"116":{"start":{"line":354,"column":8},"end":{"line":354,"column":52}},"117":{"start":{"line":355,"column":8},"end":{"line":355,"column":35}},"118":{"start":{"line":360,"column":10},"end":{"line":366,"column":null}},"119":{"start":{"line":361,"column":4},"end":{"line":363,"column":null}},"120":{"start":{"line":362,"column":6},"end":{"line":362,"column":18}},"121":{"start":{"line":364,"column":4},"end":{"line":364,"column":37}},"122":{"start":{"line":365,"column":4},"end":{"line":365,"column":17}},"123":{"start":{"line":377,"column":10},"end":{"line":412,"column":null}},"124":{"start":{"line":377,"column":2},"end":{"line":377,"column":10}},"125":{"start":{"line":384,"column":4},"end":{"line":384,"column":52}},"126":{"start":{"line":385,"column":4},"end":{"line":405,"column":7}},"127":{"start":{"line":386,"column":6},"end":{"line":398,"column":9}},"128":{"start":{"line":387,"column":8},"end":{"line":397,"column":null}},"129":{"start":{"line":392,"column":10},"end":{"line":396,"column":12}},"130":{"start":{"line":399,"column":6},"end":{"line":404,"column":null}},"131":{"start":{"line":403,"column":8},"end":{"line":403,"column":61}},"132":{"start":{"line":406,"column":4},"end":{"line":411,"column":null}},"133":{"start":{"line":410,"column":6},"end":{"line":410,"column":54}},"134":{"start":{"line":414,"column":10},"end":{"line":426,"column":null}},"135":{"start":{"line":414,"column":2},"end":{"line":414,"column":10}},"136":{"start":{"line":417,"column":4},"end":{"line":417,"column":60}},"137":{"start":{"line":418,"column":4},"end":{"line":425,"column":7}},"138":{"start":{"line":419,"column":6},"end":{"line":424,"column":null}},"139":{"start":{"line":420,"column":32},"end":{"line":421,"column":null}},"140":{"start":{"line":423,"column":8},"end":{"line":423,"column":48}},"141":{"start":{"line":428,"column":10},"end":{"line":443,"column":null}},"142":{"start":{"line":429,"column":4},"end":{"line":435,"column":7}},"143":{"start":{"line":436,"column":4},"end":{"line":442,"column":7}},"144":{"start":{"line":449,"column":10},"end":{"line":459,"column":null}},"145":{"start":{"line":450,"column":4},"end":{"line":450,"column":36}},"146":{"start":{"line":451,"column":4},"end":{"line":458,"column":null}},"147":{"start":{"line":452,"column":6},"end":{"line":455,"column":8}},"148":{"start":{"line":457,"column":6},"end":{"line":457,"column":44}},"149":{"start":{"line":461,"column":10},"end":{"line":469,"column":null}},"150":{"start":{"line":462,"column":4},"end":{"line":467,"column":7}},"151":{"start":{"line":468,"column":4},"end":{"line":468,"column":37}},"152":{"start":{"line":471,"column":10},"end":{"line":480,"column":null}},"153":{"start":{"line":472,"column":4},"end":{"line":479,"column":null}},"154":{"start":{"line":473,"column":6},"end":{"line":476,"column":8}},"155":{"start":{"line":478,"column":6},"end":{"line":478,"column":49}},"156":{"start":{"line":482,"column":10},"end":{"line":486,"column":null}},"157":{"start":{"line":483,"column":4},"end":{"line":485,"column":7}},"158":{"start":{"line":488,"column":10},"end":{"line":500,"column":null}},"159":{"start":{"line":489,"column":4},"end":{"line":489,"column":46}},"160":{"start":{"line":490,"column":4},"end":{"line":492,"column":null}},"161":{"start":{"line":491,"column":6},"end":{"line":491,"column":13}},"162":{"start":{"line":493,"column":4},"end":{"line":498,"column":6}},"163":{"start":{"line":499,"column":4},"end":{"line":499,"column":52}},"164":{"start":{"line":502,"column":10},"end":{"line":514,"column":null}},"165":{"start":{"line":502,"column":2},"end":{"line":502,"column":10}},"166":{"start":{"line":503,"column":4},"end":{"line":510,"column":null}},"167":{"start":{"line":504,"column":6},"end":{"line":507,"column":8}},"168":{"start":{"line":509,"column":6},"end":{"line":509,"column":49}},"169":{"start":{"line":511,"column":4},"end":{"line":513,"column":14}},"170":{"start":{"line":512,"column":6},"end":{"line":512,"column":39}},"171":{"start":{"line":521,"column":10},"end":{"line":526,"column":null}},"172":{"start":{"line":522,"column":4},"end":{"line":525,"column":null}},"173":{"start":{"line":524,"column":6},"end":{"line":524,"column":78}},"174":{"start":{"line":532,"column":10},"end":{"line":537,"column":null}},"175":{"start":{"line":533,"column":4},"end":{"line":536,"column":null}},"176":{"start":{"line":535,"column":6},"end":{"line":535,"column":74}},"177":{"start":{"line":544,"column":10},"end":{"line":581,"column":null}},"178":{"start":{"line":548,"column":4},"end":{"line":548,"column":null}},"179":{"start":{"line":550,"column":29},"end":{"line":550,"column":60}},"180":{"start":{"line":552,"column":4},"end":{"line":562,"column":null}},"181":{"start":{"line":556,"column":6},"end":{"line":556,"column":13}},"182":{"start":{"line":557,"column":11},"end":{"line":562,"column":null}},"183":{"start":{"line":561,"column":6},"end":{"line":561,"column":13}},"184":{"start":{"line":565,"column":4},"end":{"line":567,"column":null}},"185":{"start":{"line":566,"column":6},"end":{"line":566,"column":49}},"186":{"start":{"line":568,"column":4},"end":{"line":570,"column":null}},"187":{"start":{"line":569,"column":6},"end":{"line":569,"column":59}},"188":{"start":{"line":571,"column":4},"end":{"line":573,"column":null}},"189":{"start":{"line":572,"column":6},"end":{"line":572,"column":54}},"190":{"start":{"line":574,"column":4},"end":{"line":574,"column":49}},"191":{"start":{"line":577,"column":4},"end":{"line":577,"column":74}},"192":{"start":{"line":580,"column":4},"end":{"line":580,"column":64}},"193":{"start":{"line":587,"column":10},"end":{"line":592,"column":null}},"194":{"start":{"line":588,"column":4},"end":{"line":590,"column":null}},"195":{"start":{"line":589,"column":6},"end":{"line":589,"column":13}},"196":{"start":{"line":591,"column":4},"end":{"line":591,"column":56}},"197":{"start":{"line":594,"column":10},"end":{"line":600,"column":null}},"198":{"start":{"line":595,"column":23},"end":{"line":595,"column":41}},"199":{"start":{"line":597,"column":4},"end":{"line":597,"column":70}},"200":{"start":{"line":599,"column":4},"end":{"line":599,"column":65}},"201":{"start":{"line":602,"column":10},"end":{"line":610,"column":null}},"202":{"start":{"line":603,"column":4},"end":{"line":609,"column":null}},"203":{"start":{"line":604,"column":6},"end":{"line":606,"column":9}},"204":{"start":{"line":605,"column":8},"end":{"line":605,"column":13}},"205":{"start":{"line":608,"column":6},"end":{"line":608,"column":11}},"206":{"start":{"line":611,"column":0},"end":{"line":611,"column":null}}},"fnMap":{"0":{"name":"(anonymous_2)","decl":{"start":{"line":135,"column":0},"end":{"line":135,"column":null}},"loc":{"start":{"line":135,"column":0},"end":{"line":611,"column":null}}},"1":{"name":"Nemetric","decl":{"start":{"line":172,"column":2},"end":{"line":172,"column":14}},"loc":{"start":{"line":172,"column":44},"end":{"line":208,"column":3}}},"2":{"name":"(anonymous_4)","decl":{"start":{"line":368,"column":32},"end":{"line":368,"column":null}},"loc":{"start":{"line":368,"column":32},"end":{"line":372,"column":3}}},"3":{"name":"(anonymous_5)","decl":{"start":{"line":210,"column":2},"end":{"line":210,"column":6}},"loc":{"start":{"line":210,"column":2},"end":{"line":215,"column":3}}},"4":{"name":"(anonymous_6)","decl":{"start":{"line":220,"column":2},"end":{"line":220,"column":7}},"loc":{"start":{"line":220,"column":26},"end":{"line":236,"column":3}}},"5":{"name":"(anonymous_7)","decl":{"start":{"line":241,"column":2},"end":{"line":241,"column":5}},"loc":{"start":{"line":241,"column":24},"end":{"line":263,"column":3}}},"6":{"name":"(anonymous_8)","decl":{"start":{"line":257,"column":18},"end":{"line":257,"column":null}},"loc":{"start":{"line":257,"column":18},"end":{"line":261,"column":5}}},"7":{"name":"(anonymous_9)","decl":{"start":{"line":268,"column":2},"end":{"line":268,"column":10}},"loc":{"start":{"line":268,"column":29},"end":{"line":275,"column":3}}},"8":{"name":"(anonymous_10)","decl":{"start":{"line":269,"column":23},"end":{"line":269,"column":30}},"loc":{"start":{"line":269,"column":30},"end":{"line":274,"column":5}}},"9":{"name":"(anonymous_11)","decl":{"start":{"line":270,"column":17},"end":{"line":270,"column":null}},"loc":{"start":{"line":270,"column":17},"end":{"line":273,"column":7}}},"10":{"name":"(anonymous_12)","decl":{"start":{"line":280,"column":2},"end":{"line":280,"column":5}},"loc":{"start":{"line":280,"column":26},"end":{"line":299,"column":3}}},"11":{"name":"(anonymous_13)","decl":{"start":{"line":304,"column":2},"end":{"line":304,"column":10}},"loc":{"start":{"line":304,"column":51},"end":{"line":309,"column":3}}},"12":{"name":"(anonymous_14)","decl":{"start":{"line":314,"column":2},"end":{"line":314,"column":12}},"loc":{"start":{"line":314,"column":40},"end":{"line":327,"column":3}}},"13":{"name":"(anonymous_15)","decl":{"start":{"line":329,"column":2},"end":{"line":329,"column":10}},"loc":{"start":{"line":329,"column":2},"end":{"line":358,"column":3}}},"14":{"name":"(anonymous_16)","decl":{"start":{"line":332,"column":43},"end":{"line":332,"column":50}},"loc":{"start":{"line":332,"column":50},"end":{"line":335,"column":7}}},"15":{"name":"(anonymous_17)","decl":{"start":{"line":336,"column":53},"end":{"line":336,"column":60}},"loc":{"start":{"line":336,"column":60},"end":{"line":340,"column":7}}},"16":{"name":"(anonymous_18)","decl":{"start":{"line":346,"column":46},"end":{"line":346,"column":53}},"loc":{"start":{"line":346,"column":53},"end":{"line":349,"column":5}}},"17":{"name":"(anonymous_19)","decl":{"start":{"line":353,"column":48},"end":{"line":353,"column":55}},"loc":{"start":{"line":353,"column":55},"end":{"line":356,"column":7}}},"18":{"name":"(anonymous_20)","decl":{"start":{"line":360,"column":2},"end":{"line":360,"column":10}},"loc":{"start":{"line":360,"column":44},"end":{"line":366,"column":3}}},"19":{"name":"(anonymous_21)","decl":{"start":{"line":377,"column":2},"end":{"line":377,"column":10}},"loc":{"start":{"line":383,"column":3},"end":{"line":412,"column":3}}},"20":{"name":"(anonymous_22)","decl":{"start":{"line":385,"column":28},"end":{"line":385,"column":29}},"loc":{"start":{"line":385,"column":64},"end":{"line":405,"column":5}}},"21":{"name":"(anonymous_23)","decl":{"start":{"line":386,"column":20},"end":{"line":386,"column":null}},"loc":{"start":{"line":386,"column":20},"end":{"line":398,"column":7}}},"22":{"name":"(anonymous_24)","decl":{"start":{"line":414,"column":2},"end":{"line":414,"column":10}},"loc":{"start":{"line":416,"column":3},"end":{"line":426,"column":3}}},"23":{"name":"(anonymous_25)","decl":{"start":{"line":418,"column":28},"end":{"line":418,"column":29}},"loc":{"start":{"line":418,"column":64},"end":{"line":425,"column":5}}},"24":{"name":"(anonymous_26)","decl":{"start":{"line":428,"column":2},"end":{"line":428,"column":10}},"loc":{"start":{"line":428,"column":62},"end":{"line":443,"column":3}}},"25":{"name":"(anonymous_27)","decl":{"start":{"line":449,"column":2},"end":{"line":449,"column":10}},"loc":{"start":{"line":449,"column":2},"end":{"line":459,"column":3}}},"26":{"name":"(anonymous_28)","decl":{"start":{"line":461,"column":2},"end":{"line":461,"column":10}},"loc":{"start":{"line":461,"column":67},"end":{"line":469,"column":3}}},"27":{"name":"(anonymous_29)","decl":{"start":{"line":471,"column":2},"end":{"line":471,"column":10}},"loc":{"start":{"line":471,"column":2},"end":{"line":480,"column":3}}},"28":{"name":"(anonymous_30)","decl":{"start":{"line":482,"column":2},"end":{"line":482,"column":10}},"loc":{"start":{"line":482,"column":67},"end":{"line":486,"column":3}}},"29":{"name":"(anonymous_31)","decl":{"start":{"line":488,"column":2},"end":{"line":488,"column":10}},"loc":{"start":{"line":488,"column":2},"end":{"line":500,"column":3}}},"30":{"name":"(anonymous_32)","decl":{"start":{"line":502,"column":2},"end":{"line":502,"column":10}},"loc":{"start":{"line":502,"column":2},"end":{"line":514,"column":3}}},"31":{"name":"(anonymous_33)","decl":{"start":{"line":511,"column":45},"end":{"line":511,"column":null}},"loc":{"start":{"line":511,"column":45},"end":{"line":513,"column":5}}},"32":{"name":"(anonymous_34)","decl":{"start":{"line":521,"column":2},"end":{"line":521,"column":10}},"loc":{"start":{"line":521,"column":2},"end":{"line":526,"column":3}}},"33":{"name":"(anonymous_35)","decl":{"start":{"line":532,"column":2},"end":{"line":532,"column":10}},"loc":{"start":{"line":532,"column":2},"end":{"line":537,"column":3}}},"34":{"name":"(anonymous_36)","decl":{"start":{"line":544,"column":2},"end":{"line":544,"column":10}},"loc":{"start":{"line":548,"column":25},"end":{"line":581,"column":3}}},"35":{"name":"(anonymous_37)","decl":{"start":{"line":587,"column":2},"end":{"line":587,"column":10}},"loc":{"start":{"line":587,"column":33},"end":{"line":592,"column":3}}},"36":{"name":"(anonymous_38)","decl":{"start":{"line":594,"column":2},"end":{"line":594,"column":10}},"loc":{"start":{"line":594,"column":2},"end":{"line":600,"column":3}}},"37":{"name":"(anonymous_39)","decl":{"start":{"line":602,"column":2},"end":{"line":602,"column":10}},"loc":{"start":{"line":602,"column":26},"end":{"line":610,"column":3}}},"38":{"name":"(anonymous_40)","decl":{"start":{"line":604,"column":26},"end":{"line":604,"column":null}},"loc":{"start":{"line":604,"column":26},"end":{"line":606,"column":7}}}},"branchMap":{"0":{"loc":{"start":{"line":172,"column":14},"end":{"line":172,"column":null}},"type":"if","locations":[{"start":{"line":172,"column":14},"end":{"line":172,"column":null}},{"start":{"line":172,"column":14},"end":{"line":172,"column":null}}]},"1":{"loc":{"start":{"line":369,"column":4},"end":{"line":371,"column":null}},"type":"if","locations":[{"start":{"line":369,"column":4},"end":{"line":371,"column":null}},{"start":{"line":369,"column":4},"end":{"line":371,"column":null}}]},"2":{"loc":{"start":{"line":178,"column":4},"end":{"line":180,"column":null}},"type":"if","locations":[{"start":{"line":178,"column":4},"end":{"line":180,"column":null}},{"start":{"line":178,"column":4},"end":{"line":180,"column":null}}]},"3":{"loc":{"start":{"line":185,"column":4},"end":{"line":187,"column":null}},"type":"if","locations":[{"start":{"line":185,"column":4},"end":{"line":187,"column":null}},{"start":{"line":185,"column":4},"end":{"line":187,"column":null}}]},"4":{"loc":{"start":{"line":197,"column":4},"end":{"line":199,"column":null}},"type":"if","locations":[{"start":{"line":197,"column":4},"end":{"line":199,"column":null}},{"start":{"line":197,"column":4},"end":{"line":199,"column":null}}]},"5":{"loc":{"start":{"line":197,"column":8},"end":{"line":197,"column":25}},"type":"binary-expr","locations":[{"start":{"line":197,"column":8},"end":{"line":197,"column":25}},{"start":{"line":197,"column":29},"end":{"line":197,"column":62}},{"start":{"line":197,"column":66},"end":{"line":197,"column":96}}]},"6":{"loc":{"start":{"line":205,"column":4},"end":{"line":207,"column":null}},"type":"if","locations":[{"start":{"line":205,"column":4},"end":{"line":207,"column":null}},{"start":{"line":205,"column":4},"end":{"line":207,"column":null}}]},"7":{"loc":{"start":{"line":211,"column":4},"end":{"line":213,"column":null}},"type":"if","locations":[{"start":{"line":211,"column":4},"end":{"line":213,"column":null}},{"start":{"line":211,"column":4},"end":{"line":213,"column":null}}]},"8":{"loc":{"start":{"line":221,"column":4},"end":{"line":223,"column":null}},"type":"if","locations":[{"start":{"line":221,"column":4},"end":{"line":223,"column":null}},{"start":{"line":221,"column":4},"end":{"line":223,"column":null}}]},"9":{"loc":{"start":{"line":221,"column":8},"end":{"line":221,"column":41}},"type":"binary-expr","locations":[{"start":{"line":221,"column":8},"end":{"line":221,"column":41}},{"start":{"line":221,"column":45},"end":{"line":221,"column":69}}]},"10":{"loc":{"start":{"line":224,"column":4},"end":{"line":227,"column":null}},"type":"if","locations":[{"start":{"line":224,"column":4},"end":{"line":227,"column":null}},{"start":{"line":224,"column":4},"end":{"line":227,"column":null}}]},"11":{"loc":{"start":{"line":242,"column":4},"end":{"line":244,"column":null}},"type":"if","locations":[{"start":{"line":242,"column":4},"end":{"line":244,"column":null}},{"start":{"line":242,"column":4},"end":{"line":244,"column":null}}]},"12":{"loc":{"start":{"line":242,"column":8},"end":{"line":242,"column":41}},"type":"binary-expr","locations":[{"start":{"line":242,"column":8},"end":{"line":242,"column":41}},{"start":{"line":242,"column":45},"end":{"line":242,"column":69}}]},"13":{"loc":{"start":{"line":246,"column":4},"end":{"line":249,"column":null}},"type":"if","locations":[{"start":{"line":246,"column":4},"end":{"line":249,"column":null}},{"start":{"line":246,"column":4},"end":{"line":249,"column":null}}]},"14":{"loc":{"start":{"line":283,"column":4},"end":{"line":285,"column":null}},"type":"if","locations":[{"start":{"line":283,"column":4},"end":{"line":285,"column":null}},{"start":{"line":283,"column":4},"end":{"line":285,"column":null}}]},"15":{"loc":{"start":{"line":283,"column":8},"end":{"line":283,"column":21}},"type":"binary-expr","locations":[{"start":{"line":283,"column":8},"end":{"line":283,"column":21}},{"start":{"line":283,"column":25},"end":{"line":283,"column":45}}]},"16":{"loc":{"start":{"line":286,"column":4},"end":{"line":289,"column":null}},"type":"if","locations":[{"start":{"line":286,"column":4},"end":{"line":289,"column":null}},{"start":{"line":286,"column":4},"end":{"line":289,"column":null}}]},"17":{"loc":{"start":{"line":292,"column":4},"end":{"line":298,"column":null}},"type":"if","locations":[{"start":{"line":292,"column":4},"end":{"line":298,"column":null}},{"start":{"line":292,"column":4},"end":{"line":298,"column":null}}]},"18":{"loc":{"start":{"line":296,"column":11},"end":{"line":298,"column":null}},"type":"if","locations":[{"start":{"line":296,"column":11},"end":{"line":298,"column":null}},{"start":{"line":296,"column":11},"end":{"line":298,"column":null}}]},"19":{"loc":{"start":{"line":304,"column":31},"end":{"line":304,"column":null}},"type":"if","locations":[{"start":{"line":304,"column":31},"end":{"line":304,"column":null}},{"start":{"line":304,"column":31},"end":{"line":304,"column":null}}]},"20":{"loc":{"start":{"line":305,"column":4},"end":{"line":307,"column":null}},"type":"if","locations":[{"start":{"line":305,"column":4},"end":{"line":307,"column":null}},{"start":{"line":305,"column":4},"end":{"line":307,"column":null}}]},"21":{"loc":{"start":{"line":317,"column":4},"end":{"line":319,"column":null}},"type":"if","locations":[{"start":{"line":317,"column":4},"end":{"line":319,"column":null}},{"start":{"line":317,"column":4},"end":{"line":319,"column":null}}]},"22":{"loc":{"start":{"line":323,"column":4},"end":{"line":326,"column":null}},"type":"if","locations":[{"start":{"line":323,"column":4},"end":{"line":326,"column":null}},{"start":{"line":323,"column":4},"end":{"line":326,"column":null}}]},"23":{"loc":{"start":{"line":325,"column":6},"end":{"line":325,"column":44}},"type":"binary-expr","locations":[{"start":{"line":325,"column":6},"end":{"line":325,"column":44}},{"start":{"line":325,"column":48},"end":{"line":325,"column":117}}]},"24":{"loc":{"start":{"line":331,"column":4},"end":{"line":341,"column":null}},"type":"if","locations":[{"start":{"line":331,"column":4},"end":{"line":341,"column":null}},{"start":{"line":331,"column":4},"end":{"line":341,"column":null}}]},"25":{"loc":{"start":{"line":331,"column":8},"end":{"line":331,"column":30}},"type":"binary-expr","locations":[{"start":{"line":331,"column":8},"end":{"line":331,"column":30}},{"start":{"line":331,"column":34},"end":{"line":331,"column":66}}]},"26":{"loc":{"start":{"line":352,"column":4},"end":{"line":357,"column":null}},"type":"if","locations":[{"start":{"line":352,"column":4},"end":{"line":357,"column":null}},{"start":{"line":352,"column":4},"end":{"line":357,"column":null}}]},"27":{"loc":{"start":{"line":361,"column":4},"end":{"line":363,"column":null}},"type":"if","locations":[{"start":{"line":361,"column":4},"end":{"line":363,"column":null}},{"start":{"line":361,"column":4},"end":{"line":363,"column":null}}]},"28":{"loc":{"start":{"line":387,"column":8},"end":{"line":397,"column":null}},"type":"if","locations":[{"start":{"line":387,"column":8},"end":{"line":397,"column":null}},{"start":{"line":387,"column":8},"end":{"line":397,"column":null}}]},"29":{"loc":{"start":{"line":388,"column":10},"end":{"line":388,"column":41}},"type":"binary-expr","locations":[{"start":{"line":388,"column":10},"end":{"line":388,"column":41}},{"start":{"line":389,"column":11},"end":{"line":389,"column":29}},{"start":{"line":390,"column":13},"end":{"line":390,"column":30}},{"start":{"line":390,"column":34},"end":{"line":390,"column":77}}]},"30":{"loc":{"start":{"line":399,"column":6},"end":{"line":404,"column":null}},"type":"if","locations":[{"start":{"line":399,"column":6},"end":{"line":404,"column":null}},{"start":{"line":399,"column":6},"end":{"line":404,"column":null}}]},"31":{"loc":{"start":{"line":400,"column":8},"end":{"line":400,"column":47}},"type":"binary-expr","locations":[{"start":{"line":400,"column":8},"end":{"line":400,"column":47}},{"start":{"line":401,"column":8},"end":{"line":401,"column":58}}]},"32":{"loc":{"start":{"line":406,"column":4},"end":{"line":411,"column":null}},"type":"if","locations":[{"start":{"line":406,"column":4},"end":{"line":411,"column":null}},{"start":{"line":406,"column":4},"end":{"line":411,"column":null}}]},"33":{"loc":{"start":{"line":407,"column":6},"end":{"line":407,"column":40}},"type":"binary-expr","locations":[{"start":{"line":407,"column":6},"end":{"line":407,"column":40}},{"start":{"line":408,"column":6},"end":{"line":408,"column":46}}]},"34":{"loc":{"start":{"line":419,"column":6},"end":{"line":424,"column":null}},"type":"if","locations":[{"start":{"line":419,"column":6},"end":{"line":424,"column":null}},{"start":{"line":419,"column":6},"end":{"line":424,"column":null}}]},"35":{"loc":{"start":{"line":490,"column":4},"end":{"line":492,"column":null}},"type":"if","locations":[{"start":{"line":490,"column":4},"end":{"line":492,"column":null}},{"start":{"line":490,"column":4},"end":{"line":492,"column":null}}]},"36":{"loc":{"start":{"line":490,"column":8},"end":{"line":490,"column":43}},"type":"binary-expr","locations":[{"start":{"line":490,"column":8},"end":{"line":490,"column":43}},{"start":{"line":490,"column":47},"end":{"line":490,"column":68}}]},"37":{"loc":{"start":{"line":522,"column":4},"end":{"line":525,"column":null}},"type":"if","locations":[{"start":{"line":522,"column":4},"end":{"line":525,"column":null}},{"start":{"line":522,"column":4},"end":{"line":525,"column":null}}]},"38":{"loc":{"start":{"line":533,"column":4},"end":{"line":536,"column":null}},"type":"if","locations":[{"start":{"line":533,"column":4},"end":{"line":536,"column":null}},{"start":{"line":533,"column":4},"end":{"line":536,"column":null}}]},"39":{"loc":{"start":{"line":548,"column":4},"end":{"line":548,"column":null}},"type":"if","locations":[{"start":{"line":548,"column":4},"end":{"line":548,"column":null}},{"start":{"line":548,"column":4},"end":{"line":548,"column":null}}]},"40":{"loc":{"start":{"line":552,"column":4},"end":{"line":562,"column":null}},"type":"if","locations":[{"start":{"line":552,"column":4},"end":{"line":562,"column":null}},{"start":{"line":552,"column":4},"end":{"line":562,"column":null}}]},"41":{"loc":{"start":{"line":553,"column":6},"end":{"line":553,"column":38}},"type":"binary-expr","locations":[{"start":{"line":553,"column":6},"end":{"line":553,"column":38}},{"start":{"line":554,"column":6},"end":{"line":554,"column":51}}]},"42":{"loc":{"start":{"line":557,"column":11},"end":{"line":562,"column":null}},"type":"if","locations":[{"start":{"line":557,"column":11},"end":{"line":562,"column":null}},{"start":{"line":557,"column":11},"end":{"line":562,"column":null}}]},"43":{"loc":{"start":{"line":558,"column":6},"end":{"line":558,"column":38}},"type":"binary-expr","locations":[{"start":{"line":558,"column":6},"end":{"line":558,"column":38}},{"start":{"line":559,"column":6},"end":{"line":559,"column":55}}]},"44":{"loc":{"start":{"line":565,"column":4},"end":{"line":567,"column":null}},"type":"if","locations":[{"start":{"line":565,"column":4},"end":{"line":567,"column":null}},{"start":{"line":565,"column":4},"end":{"line":567,"column":null}}]},"45":{"loc":{"start":{"line":568,"column":4},"end":{"line":570,"column":null}},"type":"if","locations":[{"start":{"line":568,"column":4},"end":{"line":570,"column":null}},{"start":{"line":568,"column":4},"end":{"line":570,"column":null}}]},"46":{"loc":{"start":{"line":571,"column":4},"end":{"line":573,"column":null}},"type":"if","locations":[{"start":{"line":571,"column":4},"end":{"line":573,"column":null}},{"start":{"line":571,"column":4},"end":{"line":573,"column":null}}]},"47":{"loc":{"start":{"line":588,"column":4},"end":{"line":590,"column":null}},"type":"if","locations":[{"start":{"line":588,"column":4},"end":{"line":590,"column":null}},{"start":{"line":588,"column":4},"end":{"line":590,"column":null}}]},"48":{"loc":{"start":{"line":588,"column":8},"end":{"line":588,"column":28}},"type":"binary-expr","locations":[{"start":{"line":588,"column":8},"end":{"line":588,"column":28}},{"start":{"line":588,"column":32},"end":{"line":588,"column":52}}]},"49":{"loc":{"start":{"line":603,"column":4},"end":{"line":609,"column":null}},"type":"if","locations":[{"start":{"line":603,"column":4},"end":{"line":609,"column":null}},{"start":{"line":603,"column":4},"end":{"line":609,"column":null}}]},"50":{"loc":{"start":{"line":603,"column":8},"end":{"line":603,"column":18}},"type":"binary-expr","locations":[{"start":{"line":603,"column":8},"end":{"line":603,"column":18}},{"start":{"line":603,"column":22},"end":{"line":603,"column":41}}]}},"s":{"0":1,"1":1,"2":1,"3":1,"4":89,"5":92,"6":89,"7":89,"8":89,"9":89,"10":89,"11":89,"12":89,"13":89,"14":89,"15":89,"16":89,"17":3,"18":1,"19":89,"20":89,"21":89,"22":2,"23":87,"24":87,"25":87,"26":87,"27":87,"28":87,"29":87,"30":87,"31":1,"32":1,"33":6,"34":4,"35":2,"36":1,"37":7,"38":0,"39":7,"40":0,"41":0,"42":7,"43":7,"44":7,"45":1,"46":8,"47":8,"48":0,"49":8,"50":8,"51":2,"52":2,"53":6,"54":6,"55":6,"56":6,"57":6,"58":6,"59":5,"60":5,"61":6,"62":1,"63":1,"64":1,"65":1,"66":1,"67":1,"68":1,"69":32,"70":32,"71":32,"72":32,"73":32,"74":32,"75":3,"76":29,"77":2,"78":2,"79":27,"80":27,"81":27,"82":23,"83":23,"84":23,"85":4,"86":4,"87":1,"88":174,"89":151,"90":136,"91":15,"92":1,"93":29,"94":29,"95":29,"96":29,"97":0,"98":29,"99":29,"100":18,"101":1,"102":92,"103":92,"104":7,"105":7,"106":7,"107":7,"108":7,"109":7,"110":7,"111":92,"112":92,"113":92,"114":92,"115":6,"116":6,"117":6,"118":1,"119":16,"120":16,"121":0,"122":0,"123":1,"124":115,"125":115,"126":115,"127":319,"128":319,"129":21,"130":312,"131":2,"132":108,"133":0,"134":1,"135":11,"136":11,"137":11,"138":27,"139":3,"140":3,"141":1,"142":9,"143":9,"144":1,"145":9,"146":9,"147":9,"148":1,"149":1,"150":95,"151":88,"152":1,"153":94,"154":94,"155":8,"156":1,"157":8,"158":1,"159":92,"160":92,"161":92,"162":0,"163":0,"164":1,"165":9,"166":9,"167":9,"168":1,"169":9,"170":3,"171":1,"172":89,"173":87,"174":1,"175":87,"176":86,"177":1,"178":52,"179":26,"180":19,"181":0,"182":19,"183":1,"184":18,"185":7,"186":18,"187":10,"188":18,"189":1,"190":18,"191":18,"192":18,"193":1,"194":17,"195":14,"196":3,"197":1,"198":3,"199":3,"200":3,"201":1,"202":325,"203":46,"204":45,"205":279,"206":1},"f":{"0":1,"1":89,"2":3,"3":6,"4":7,"5":8,"6":5,"7":1,"8":1,"9":1,"10":32,"11":151,"12":29,"13":92,"14":7,"15":7,"16":92,"17":6,"18":16,"19":115,"20":319,"21":319,"22":11,"23":27,"24":9,"25":9,"26":95,"27":94,"28":8,"29":92,"30":9,"31":3,"32":89,"33":87,"34":26,"35":17,"36":3,"37":325,"38":45},"b":{"0":[3,86],"1":[1,2],"2":[2,87],"3":[87,0],"4":[87,0],"5":[87,0,0],"6":[1,86],"7":[4,2],"8":[0,7],"9":[7,7],"10":[0,7],"11":[0,8],"12":[8,8],"13":[2,6],"14":[3,29],"15":[32,32],"16":[2,27],"17":[23,4],"18":[4,0],"19":[23,128],"20":[136,15],"21":[0,29],"22":[18,11],"23":[18,18],"24":[7,85],"25":[92,86],"26":[6,86],"27":[16,0],"28":[21,298],"29":[319,49,42,42],"30":[2,310],"31":[312,6],"32":[0,108],"33":[108,0],"34":[3,24],"35":[92,0],"36":[92,3],"37":[87,2],"38":[86,1],"39":[26,0],"40":[0,19],"41":[19,18],"42":[1,18],"43":[19,1],"44":[7,11],"45":[10,8],"46":[1,17],"47":[14,3],"48":[17,4],"49":[46,279],"50":[325,46]}}
,"/Users/joneswarren/nemetric/src/performance.ts": {"path":"/Users/joneswarren/nemetric/src/performance.ts","statementMap":{"0":{"start":{"line":62,"column":0},"end":{"line":62,"column":null}},"1":{"start":{"line":90,"column":2},"end":{"line":90,"column":57}},"2":{"start":{"line":72,"column":9},"end":{"line":79,"column":null}},"3":{"start":{"line":73,"column":4},"end":{"line":78,"column":6}},"4":{"start":{"line":86,"column":9},"end":{"line":88,"column":null}},"5":{"start":{"line":87,"column":4},"end":{"line":87,"column":69}},"6":{"start":{"line":98,"column":2},"end":{"line":138,"column":null}},"7":{"start":{"line":99,"column":4},"end":{"line":104,"column":null}},"8":{"start":{"line":103,"column":6},"end":{"line":103,"column":41}},"9":{"start":{"line":107,"column":23},"end":{"line":107,"column":75}},"10":{"start":{"line":109,"column":4},"end":{"line":111,"column":null}},"11":{"start":{"line":110,"column":6},"end":{"line":110,"column":41}},"12":{"start":{"line":114,"column":4},"end":{"line":136,"column":6}},"13":{"start":{"line":137,"column":4},"end":{"line":137,"column":39}},"14":{"start":{"line":145,"column":2},"end":{"line":147,"column":null}},"15":{"start":{"line":146,"column":4},"end":{"line":146,"column":36}},"16":{"start":{"line":149,"column":2},"end":{"line":152,"column":null}},"17":{"start":{"line":150,"column":17},"end":{"line":150,"column":45}},"18":{"start":{"line":151,"column":5},"end":{"line":151,"column":43}},"19":{"start":{"line":154,"column":2},"end":{"line":159,"column":null}},"20":{"start":{"line":155,"column":22},"end":{"line":155,"column":48}},"21":{"start":{"line":156,"column":20},"end":{"line":156,"column":44}},"22":{"start":{"line":157,"column":5},"end":{"line":157,"column":72}},"23":{"start":{"line":158,"column":4},"end":{"line":158,"column":56}},"24":{"start":{"line":165,"column":2},"end":{"line":175,"column":null}},"25":{"start":{"line":169,"column":4},"end":{"line":171,"column":6}},"26":{"start":{"line":173,"column":4},"end":{"line":173,"column":67}},"27":{"start":{"line":174,"column":4},"end":{"line":174,"column":29}},"28":{"start":{"line":181,"column":10},"end":{"line":190,"column":null}},"29":{"start":{"line":185,"column":18},"end":{"line":185,"column":61}},"30":{"start":{"line":186,"column":4},"end":{"line":188,"column":null}},"31":{"start":{"line":187,"column":6},"end":{"line":187,"column":28}},"32":{"start":{"line":189,"column":4},"end":{"line":189,"column":14}},"33":{"start":{"line":195,"column":10},"end":{"line":198,"column":null}},"34":{"start":{"line":196,"column":21},"end":{"line":196,"column":76}},"35":{"start":{"line":197,"column":4},"end":{"line":197,"column":39}},"36":{"start":{"line":200,"column":10},"end":{"line":206,"column":null}},"37":{"start":{"line":204,"column":20},"end":{"line":204,"column":42}},"38":{"start":{"line":205,"column":4},"end":{"line":205,"column":16}},"39":{"start":{"line":207,"column":0},"end":{"line":207,"column":null}}},"fnMap":{"0":{"name":"(anonymous_0)","decl":{"start":{"line":62,"column":0},"end":{"line":62,"column":null}},"loc":{"start":{"line":62,"column":0},"end":{"line":207,"column":null}}},"1":{"name":"(anonymous_2)","decl":{"start":{"line":72,"column":2},"end":{"line":72,"column":9}},"loc":{"start":{"line":72,"column":2},"end":{"line":79,"column":3}}},"2":{"name":"(anonymous_3)","decl":{"start":{"line":86,"column":2},"end":{"line":86,"column":9}},"loc":{"start":{"line":86,"column":2},"end":{"line":88,"column":3}}},"3":{"name":"(anonymous_4)","decl":{"start":{"line":98,"column":2},"end":{"line":98,"column":6}},"loc":{"start":{"line":98,"column":2},"end":{"line":138,"column":3}}},"4":{"name":"(anonymous_5)","decl":{"start":{"line":145,"column":2},"end":{"line":145,"column":5}},"loc":{"start":{"line":145,"column":2},"end":{"line":147,"column":3}}},"5":{"name":"(anonymous_6)","decl":{"start":{"line":149,"column":2},"end":{"line":149,"column":6}},"loc":{"start":{"line":149,"column":39},"end":{"line":152,"column":3}}},"6":{"name":"(anonymous_7)","decl":{"start":{"line":154,"column":2},"end":{"line":154,"column":9}},"loc":{"start":{"line":154,"column":50},"end":{"line":159,"column":3}}},"7":{"name":"(anonymous_8)","decl":{"start":{"line":165,"column":2},"end":{"line":165,"column":21}},"loc":{"start":{"line":167,"column":32},"end":{"line":175,"column":3}}},"8":{"name":"(anonymous_9)","decl":{"start":{"line":181,"column":2},"end":{"line":181,"column":10}},"loc":{"start":{"line":183,"column":24},"end":{"line":190,"column":3}}},"9":{"name":"(anonymous_10)","decl":{"start":{"line":195,"column":2},"end":{"line":195,"column":10}},"loc":{"start":{"line":195,"column":55},"end":{"line":198,"column":3}}},"10":{"name":"(anonymous_11)","decl":{"start":{"line":200,"column":2},"end":{"line":200,"column":10}},"loc":{"start":{"line":202,"column":44},"end":{"line":206,"column":3}}}},"branchMap":{"0":{"loc":{"start":{"line":74,"column":6},"end":{"line":74,"column":24}},"type":"binary-expr","locations":[{"start":{"line":74,"column":6},"end":{"line":74,"column":24}},{"start":{"line":75,"column":6},"end":{"line":75,"column":36}},{"start":{"line":76,"column":6},"end":{"line":76,"column":23}},{"start":{"line":77,"column":6},"end":{"line":77,"column":24}}]},"1":{"loc":{"start":{"line":87,"column":12},"end":{"line":87,"column":33}},"type":"binary-expr","locations":[{"start":{"line":87,"column":12},"end":{"line":87,"column":33}},{"start":{"line":87,"column":37},"end":{"line":87,"column":68}}]},"2":{"loc":{"start":{"line":99,"column":4},"end":{"line":104,"column":null}},"type":"if","locations":[{"start":{"line":99,"column":4},"end":{"line":104,"column":null}},{"start":{"line":99,"column":4},"end":{"line":104,"column":null}}]},"3":{"loc":{"start":{"line":100,"column":6},"end":{"line":100,"column":30}},"type":"binary-expr","locations":[{"start":{"line":100,"column":6},"end":{"line":100,"column":30}},{"start":{"line":101,"column":6},"end":{"line":101,"column":53}}]},"4":{"loc":{"start":{"line":109,"column":4},"end":{"line":111,"column":null}},"type":"if","locations":[{"start":{"line":109,"column":4},"end":{"line":111,"column":null}},{"start":{"line":109,"column":4},"end":{"line":111,"column":null}}]},"5":{"loc":{"start":{"line":120,"column":38},"end":{"line":120,"column":85}},"type":"cond-expr","locations":[{"start":{"line":120,"column":38},"end":{"line":120,"column":85}},{"start":{"line":120,"column":88},"end":{"line":120,"column":89}}]},"6":{"loc":{"start":{"line":186,"column":4},"end":{"line":188,"column":null}},"type":"if","locations":[{"start":{"line":186,"column":4},"end":{"line":188,"column":null}},{"start":{"line":186,"column":4},"end":{"line":188,"column":null}}]},"7":{"loc":{"start":{"line":186,"column":8},"end":{"line":186,"column":13}},"type":"binary-expr","locations":[{"start":{"line":186,"column":8},"end":{"line":186,"column":13}},{"start":{"line":186,"column":17},"end":{"line":186,"column":46}}]}},"s":{"0":2,"1":106,"2":2,"3":113,"4":2,"5":87,"6":2,"7":6,"8":2,"9":4,"10":4,"11":1,"12":3,"13":3,"14":2,"15":14,"16":2,"17":15,"18":15,"19":2,"20":8,"21":8,"22":8,"23":8,"24":2,"25":113,"26":113,"27":103,"28":2,"29":10,"30":10,"31":9,"32":1,"33":2,"34":11,"35":11,"36":2,"37":111,"38":111,"39":2},"f":{"0":108,"1":113,"2":87,"3":6,"4":14,"5":15,"6":8,"7":113,"8":10,"9":11,"10":111},"b":{"0":[113,113,111,110],"1":[87,87],"2":[2,4],"3":[6,5],"4":[1,3],"5":[2,1],"6":[9,1],"7":[10,10]}}
}
