TN:
SF:/Users/joneswarren/nemetric/src/nemetric.ts
FN:135,(anonymous_2)
FN:172,Nemetric
FN:368,(anonymous_4)
FN:210,(anonymous_5)
FN:220,(anonymous_6)
FN:241,(anonymous_7)
FN:257,(anonymous_8)
FN:268,(anonymous_9)
FN:269,(anonymous_10)
FN:270,(anonymous_11)
FN:280,(anonymous_12)
FN:304,(anonymous_13)
FN:314,(anonymous_14)
FN:329,(anonymous_15)
FN:332,(anonymous_16)
FN:336,(anonymous_17)
FN:346,(anonymous_18)
FN:353,(anonymous_19)
FN:360,(anonymous_20)
FN:377,(anonymous_21)
FN:385,(anonymous_22)
FN:386,(anonymous_23)
FN:414,(anonymous_24)
FN:418,(anonymous_25)
FN:428,(anonymous_26)
FN:449,(anonymous_27)
FN:461,(anonymous_28)
FN:471,(anonymous_29)
FN:482,(anonymous_30)
FN:488,(anonymous_31)
FN:502,(anonymous_32)
FN:511,(anonymous_33)
FN:521,(anonymous_34)
FN:532,(anonymous_35)
FN:544,(anonymous_36)
FN:587,(anonymous_37)
FN:594,(anonymous_38)
FN:602,(anonymous_39)
FN:604,(anonymous_40)
FNF:39
FNH:39
FNDA:1,(anonymous_2)
FNDA:89,Nemetric
FNDA:3,(anonymous_4)
FNDA:6,(anonymous_5)
FNDA:7,(anonymous_6)
FNDA:8,(anonymous_7)
FNDA:5,(anonymous_8)
FNDA:1,(anonymous_9)
FNDA:1,(anonymous_10)
FNDA:1,(anonymous_11)
FNDA:32,(anonymous_12)
FNDA:151,(anonymous_13)
FNDA:29,(anonymous_14)
FNDA:92,(anonymous_15)
FNDA:7,(anonymous_16)
FNDA:7,(anonymous_17)
FNDA:92,(anonymous_18)
FNDA:6,(anonymous_19)
FNDA:16,(anonymous_20)
FNDA:115,(anonymous_21)
FNDA:319,(anonymous_22)
FNDA:319,(anonymous_23)
FNDA:11,(anonymous_24)
FNDA:27,(anonymous_25)
FNDA:9,(anonymous_26)
FNDA:9,(anonymous_27)
FNDA:95,(anonymous_28)
FNDA:94,(anonymous_29)
FNDA:8,(anonymous_30)
FNDA:92,(anonymous_31)
FNDA:9,(anonymous_32)
FNDA:3,(anonymous_33)
FNDA:89,(anonymous_34)
FNDA:87,(anonymous_35)
FNDA:26,(anonymous_36)
FNDA:17,(anonymous_37)
FNDA:3,(anonymous_38)
FNDA:325,(anonymous_39)
FNDA:45,(anonymous_40)
DA:10,1
DA:11,1
DA:12,1
DA:135,1
DA:136,89
DA:154,89
DA:155,89
DA:156,89
DA:157,89
DA:164,89
DA:165,89
DA:167,89
DA:168,89
DA:170,89
DA:172,92
DA:174,89
DA:175,89
DA:178,89
DA:179,2
DA:182,87
DA:185,87
DA:186,87
DA:190,87
DA:197,87
DA:198,87
DA:203,87
DA:205,87
DA:206,1
DA:210,1
DA:211,6
DA:212,4
DA:214,2
DA:220,1
DA:221,7
DA:222,0
DA:224,7
DA:225,0
DA:226,0
DA:228,7
DA:233,7
DA:235,7
DA:241,8
DA:242,8
DA:243,0
DA:245,8
DA:246,8
DA:247,2
DA:248,2
DA:251,6
DA:252,6
DA:254,6
DA:255,6
DA:256,6
DA:257,6
DA:259,5
DA:260,5
DA:262,6
DA:268,1
DA:269,1
DA:270,1
DA:271,1
DA:272,1
DA:280,1
DA:281,32
DA:283,32
DA:284,3
DA:286,29
DA:287,2
DA:288,2
DA:290,27
DA:291,27
DA:292,27
DA:293,23
DA:294,23
DA:295,23
DA:296,4
DA:297,4
DA:304,174
DA:305,151
DA:306,136
DA:308,15
DA:314,1
DA:315,29
DA:317,29
DA:318,0
DA:321,29
DA:323,29
DA:325,18
DA:329,92
DA:331,92
DA:332,7
DA:333,7
DA:334,7
DA:336,7
DA:337,7
DA:338,7
DA:339,7
DA:346,92
DA:347,92
DA:348,92
DA:352,92
DA:353,6
DA:354,6
DA:355,6
DA:360,1
DA:361,16
DA:362,16
DA:364,0
DA:365,0
DA:368,89
DA:369,3
DA:370,1
DA:377,115
DA:384,115
DA:385,115
DA:386,319
DA:387,319
DA:392,21
DA:399,312
DA:403,2
DA:406,108
DA:410,0
DA:414,11
DA:417,11
DA:418,11
DA:419,27
DA:420,3
DA:423,3
DA:428,1
DA:429,9
DA:436,9
DA:449,1
DA:450,9
DA:451,9
DA:452,9
DA:457,1
DA:461,1
DA:462,95
DA:468,88
DA:471,1
DA:472,94
DA:473,94
DA:478,8
DA:482,1
DA:483,8
DA:488,1
DA:489,92
DA:490,92
DA:491,92
DA:493,0
DA:499,0
DA:502,9
DA:503,9
DA:504,9
DA:509,1
DA:511,9
DA:512,3
DA:521,1
DA:522,89
DA:524,87
DA:532,1
DA:533,87
DA:535,86
DA:544,1
DA:548,52
DA:550,26
DA:552,19
DA:556,0
DA:557,19
DA:561,1
DA:565,18
DA:566,7
DA:568,18
DA:569,10
DA:571,18
DA:572,1
DA:574,18
DA:577,18
DA:580,18
DA:587,1
DA:588,17
DA:589,14
DA:591,3
DA:594,1
DA:595,3
DA:597,3
DA:599,3
DA:602,1
DA:603,325
DA:604,46
DA:605,45
DA:608,279
DA:611,1
LF:193
LH:182
BRDA:172,0,0,3
BRDA:172,0,1,86
BRDA:369,1,0,1
BRDA:369,1,1,2
BRDA:178,2,0,2
BRDA:178,2,1,87
BRDA:185,3,0,87
BRDA:185,3,1,0
BRDA:197,4,0,87
BRDA:197,4,1,0
BRDA:197,5,0,87
BRDA:197,5,1,0
BRDA:197,5,2,0
BRDA:205,6,0,1
BRDA:205,6,1,86
BRDA:211,7,0,4
BRDA:211,7,1,2
BRDA:221,8,0,0
BRDA:221,8,1,7
BRDA:221,9,0,7
BRDA:221,9,1,7
BRDA:224,10,0,0
BRDA:224,10,1,7
BRDA:242,11,0,0
BRDA:242,11,1,8
BRDA:242,12,0,8
BRDA:242,12,1,8
BRDA:246,13,0,2
BRDA:246,13,1,6
BRDA:283,14,0,3
BRDA:283,14,1,29
BRDA:283,15,0,32
BRDA:283,15,1,32
BRDA:286,16,0,2
BRDA:286,16,1,27
BRDA:292,17,0,23
BRDA:292,17,1,4
BRDA:296,18,0,4
BRDA:296,18,1,0
BRDA:304,19,0,23
BRDA:304,19,1,128
BRDA:305,20,0,136
BRDA:305,20,1,15
BRDA:317,21,0,0
BRDA:317,21,1,29
BRDA:323,22,0,18
BRDA:323,22,1,11
BRDA:325,23,0,18
BRDA:325,23,1,18
BRDA:331,24,0,7
BRDA:331,24,1,85
BRDA:331,25,0,92
BRDA:331,25,1,86
BRDA:352,26,0,6
BRDA:352,26,1,86
BRDA:361,27,0,16
BRDA:361,27,1,0
BRDA:387,28,0,21
BRDA:387,28,1,298
BRDA:388,29,0,319
BRDA:388,29,1,49
BRDA:388,29,2,42
BRDA:388,29,3,42
BRDA:399,30,0,2
BRDA:399,30,1,310
BRDA:400,31,0,312
BRDA:400,31,1,6
BRDA:406,32,0,0
BRDA:406,32,1,108
BRDA:407,33,0,108
BRDA:407,33,1,0
BRDA:419,34,0,3
BRDA:419,34,1,24
BRDA:490,35,0,92
BRDA:490,35,1,0
BRDA:490,36,0,92
BRDA:490,36,1,3
BRDA:522,37,0,87
BRDA:522,37,1,2
BRDA:533,38,0,86
BRDA:533,38,1,1
BRDA:548,39,0,26
BRDA:548,39,1,0
BRDA:552,40,0,0
BRDA:552,40,1,19
BRDA:553,41,0,19
BRDA:553,41,1,18
BRDA:557,42,0,1
BRDA:557,42,1,18
BRDA:558,43,0,19
BRDA:558,43,1,1
BRDA:565,44,0,7
BRDA:565,44,1,11
BRDA:568,45,0,10
BRDA:568,45,1,8
BRDA:571,46,0,1
BRDA:571,46,1,17
BRDA:588,47,0,14
BRDA:588,47,1,3
BRDA:588,48,0,17
BRDA:588,48,1,4
BRDA:603,49,0,46
BRDA:603,49,1,279
BRDA:603,50,0,325
BRDA:603,50,1,46
BRF:105
BRH:90
end_of_record
TN:
SF:/Users/joneswarren/nemetric/src/performance.ts
FN:62,(anonymous_0)
FN:72,(anonymous_2)
FN:86,(anonymous_3)
FN:98,(anonymous_4)
FN:145,(anonymous_5)
FN:149,(anonymous_6)
FN:154,(anonymous_7)
FN:165,(anonymous_8)
FN:181,(anonymous_9)
FN:195,(anonymous_10)
FN:200,(anonymous_11)
FNF:11
FNH:11
FNDA:108,(anonymous_0)
FNDA:113,(anonymous_2)
FNDA:87,(anonymous_3)
FNDA:6,(anonymous_4)
FNDA:14,(anonymous_5)
FNDA:15,(anonymous_6)
FNDA:8,(anonymous_7)
FNDA:113,(anonymous_8)
FNDA:10,(anonymous_9)
FNDA:11,(anonymous_10)
FNDA:111,(anonymous_11)
DA:62,2
DA:72,2
DA:73,113
DA:86,2
DA:87,87
DA:90,106
DA:98,2
DA:99,6
DA:103,2
DA:107,4
DA:109,4
DA:110,1
DA:114,3
DA:137,3
DA:145,2
DA:146,14
DA:149,2
DA:150,15
DA:151,15
DA:154,2
DA:155,8
DA:156,8
DA:157,8
DA:158,8
DA:165,2
DA:169,113
DA:173,113
DA:174,103
DA:181,2
DA:185,10
DA:186,10
DA:187,9
DA:189,1
DA:195,2
DA:196,11
DA:197,11
DA:200,2
DA:204,111
DA:205,111
DA:207,2
LF:40
LH:40
BRDA:74,0,0,113
BRDA:74,0,1,113
BRDA:74,0,2,111
BRDA:74,0,3,110
BRDA:87,1,0,87
BRDA:87,1,1,87
BRDA:99,2,0,2
BRDA:99,2,1,4
BRDA:100,3,0,6
BRDA:100,3,1,5
BRDA:109,4,0,1
BRDA:109,4,1,3
BRDA:120,5,0,2
BRDA:120,5,1,1
BRDA:186,6,0,9
BRDA:186,6,1,1
BRDA:186,7,0,10
BRDA:186,7,1,10
BRF:18
BRH:18
end_of_record
